<?xml version="1.0" encoding="UTF-8"?>
<testng-results ignored="0" total="1" passed="1" failed="0" skipped="0">
  <reporter-output>
  </reporter-output>
  <suite started-at="2023-10-20T10:56:44 IST" name="Default suite" finished-at="2023-10-20T10:57:10 IST" duration-ms="26623">
    <groups>
    </groups>
    <test started-at="2023-10-20T10:56:44 IST" name="Default test" finished-at="2023-10-20T10:57:10 IST" duration-ms="26623">
      <class name="com.testcases.Location1">
        <test-method is-config="true" signature="Add()[pri:0, instance:com.testcases.Location1@ffaa6af]" started-at="2023-10-20T10:56:44 IST" name="Add" finished-at="2023-10-20T10:56:50 IST" duration-ms="5947" status="PASS">
          <reporter-output>
          </reporter-output>
        </test-method> <!-- Add -->
        <test-method signature="Setup()[pri:0, instance:com.testcases.Location1@ffaa6af]" started-at="2023-10-20T10:56:50 IST" name="Setup" finished-at="2023-10-20T10:57:10 IST" duration-ms="20640" status="PASS">
          <reporter-output>
          </reporter-output>
        </test-method> <!-- Setup -->
        <test-method is-config="true" signature="teardown()[pri:0, instance:com.testcases.Location1@ffaa6af]" started-at="2023-10-20T10:57:10 IST" name="teardown" finished-at="2023-10-20T10:57:10 IST" duration-ms="0" status="PASS">
          <reporter-output>
          </reporter-output>
        </test-method> <!-- teardown -->
      </class> <!-- com.testcases.Location1 -->
    </test> <!-- Default test -->
  </suite> <!-- Default suite -->
</testng-results>
